<?xml version="1.0" encoding="UTF-8"?>
<testsuite xmlns:xsi="http://www.w3.org/2001/XMLSchema-instance" xsi:noNamespaceSchemaLocation="https://maven.apache.org/surefire/maven-surefire-plugin/xsd/surefire-test-report.xsd" name="TestSuite" time="741.318" tests="9" errors="0" skipped="0" failures="2">
  <properties>
[...]
</properties>
  <testcase name="runScenario" classname="testrunner.TestRunner_ProductListPage1" time="75.375"/>
  <testcase name="runScenario" classname="testrunner.TestRunner_ProductListPage1" time="89.583"/>
  <testcase name="runScenario" classname="testrunner.TestRunner_ProductListPage1" time="82.044"/>
  <testcase name="runScenario" classname="testrunner.TestRunner_ProductListPage2" time="106.358"/>
  <testcase name="runScenario" classname="testrunner.TestRunner_ProductListPage2" time="99.08">
    <failure message="element click intercepted: Element &lt;button class=&quot;ctaText baseBtn track-store-locator&quot; type=&quot;submit&quot; data-href=&quot;https://www.asianpaints.com/store-locator.html&quot;&gt;...&lt;/button&gt; is not clickable at point (1197, 531). Other element would receive the click: &lt;span class=&quot;helpButtonLabel&quot; aria-live=&quot;polite&quot; aria-atomic=&quot;true&quot;&gt;...&lt;/span&gt;&#10;  (Session info: chrome=114.0.5735.110)&#10;Build info: version: &apos;4.9.0&apos;, revision: &apos;d7057100a6&apos;&#10;System info: os.name: &apos;Windows 11&apos;, os.arch: &apos;amd64&apos;, os.version: &apos;10.0&apos;, java.version: &apos;17.0.7&apos;&#10;Driver info: org.openqa.selenium.chrome.ChromeDriver&#10;Command: [f78ee3e0b3d958e6d23d288b9375639b, clickElement {id=A2844966655BCDE9DD0CA05477DD0599_element_126}]&#10;Capabilities {acceptInsecureCerts: false, browserName: chrome, browserVersion: 114.0.5735.110, chrome: {chromedriverVersion: 113.0.5672.63 (0e1a4471d5ae..., userDataDir: C:\Program Files (x86)\scop...}, goog:chromeOptions: {debuggerAddress: localhost:64032}, networkConnectionEnabled: false, pageLoadStrategy: normal, platformName: WINDOWS, proxy: Proxy(), se:cdp: ws://localhost:64032/devtoo..., se:cdpVersion: 114.0.5735.110, setWindowRect: true, strictFileInteractability: false, timeouts: {implicit: 0, pageLoad: 300000, script: 30000}, unhandledPromptBehavior: dismiss and notify, webauthn:extension:credBlob: true, webauthn:extension:largeBlob: true, webauthn:extension:minPinLength: true, webauthn:extension:prf: true, webauthn:virtualAuthenticators: true}&#10;Element: [[ChromeDriver: chrome on WINDOWS (f78ee3e0b3d958e6d23d288b9375639b)] -&gt; xpath: //button[text()=&apos;Go&apos;]]&#10;Session ID: f78ee3e0b3d958e6d23d288b9375639b" type="org.openqa.selenium.ElementClickInterceptedException"><![CDATA[org.openqa.selenium.ElementClickInterceptedException: 
element click intercepted: Element <button class="ctaText baseBtn track-store-locator" type="submit" data-href="https://www.asianpaints.com/store-locator.html">...</button> is not clickable at point (1197, 531). Other element would receive the click: <span class="helpButtonLabel" aria-live="polite" aria-atomic="true">...</span>
  (Session info: chrome=114.0.5735.110)
Build info: version: '4.9.0', revision: 'd7057100a6'
System info: os.name: 'Windows 11', os.arch: 'amd64', os.version: '10.0', java.version: '17.0.7'
Driver info: org.openqa.selenium.chrome.ChromeDriver
Command: [f78ee3e0b3d958e6d23d288b9375639b, clickElement {id=A2844966655BCDE9DD0CA05477DD0599_element_126}]
Capabilities {acceptInsecureCerts: false, browserName: chrome, browserVersion: 114.0.5735.110, chrome: {chromedriverVersion: 113.0.5672.63 (0e1a4471d5ae..., userDataDir: C:\Program Files (x86)\scop...}, goog:chromeOptions: {debuggerAddress: localhost:64032}, networkConnectionEnabled: false, pageLoadStrategy: normal, platformName: WINDOWS, proxy: Proxy(), se:cdp: ws://localhost:64032/devtoo..., se:cdpVersion: 114.0.5735.110, setWindowRect: true, strictFileInteractability: false, timeouts: {implicit: 0, pageLoad: 300000, script: 30000}, unhandledPromptBehavior: dismiss and notify, webauthn:extension:credBlob: true, webauthn:extension:largeBlob: true, webauthn:extension:minPinLength: true, webauthn:extension:prf: true, webauthn:virtualAuthenticators: true}
Element: [[ChromeDriver: chrome on WINDOWS (f78ee3e0b3d958e6d23d288b9375639b)] -> xpath: //button[text()='Go']]
Session ID: f78ee3e0b3d958e6d23d288b9375639b
]]></failure>
    <system-out><![CDATA[
Scenario Outline: Verify Find a store functionality with valid details &amp#27;[90m# src/test/resources/features/ListPage2.feature:14&amp#27;[0m
Trusted Wall Painting, Home Painting & Waterproofing in India - Asian Paints
  &amp#27;[32mGiven &amp#27;[0m&amp#27;[32mChrome is opened and Asian Paints app is opened&amp#27;[0m                &amp#27;[90m# listpage2_stepdefinitions.ProductListPage_stepdefinitions2.chrome_is_opened_and_asian_paints_app_is_opened()&amp#27;[0m
  &amp#27;[32mWhen &amp#27;[0m&amp#27;[32mUser searches the product&amp#27;[0m                                       &amp#27;[90m# listpage2_stepdefinitions.ProductListPage_stepdefinitions2.user_searches_the_product()&amp#27;[0m
Interior Wall Texture Designs, Modern Texture Paint Designs & Catalogue - Asian Paints
  &amp#27;[32mThen &amp#27;[0m&amp#27;[32mUser navigates to the Product List page&amp#27;[0m                         &amp#27;[90m# listpage2_stepdefinitions.ProductListPage_stepdefinitions2.user_navigates_to_the_product_list_page()&amp#27;[0m
  &amp#27;[32mWhen &amp#27;[0m&amp#27;[32mUser enters Pincode &amp#27;[0m&amp#27;[32m&amp#27;[1m"761008"&amp#27;[0m                                    &amp#27;[90m# listpage2_stepdefinitions.ProductListPage_stepdefinitions2.user_enters_pincode(java.lang.String)&amp#27;[0m
  &amp#27;[31mAnd &amp#27;[0m&amp#27;[31mUser clicks on Go button&amp#27;[0m                                         &amp#27;[90m# listpage2_stepdefinitions.ProductListPage_stepdefinitions2.user_clicks_on_go_button()&amp#27;[0m
      &amp#27;[31morg.openqa.selenium.ElementClickInterceptedException: element click intercepted: Element <button class="ctaText baseBtn track-store-locator" type="submit" data-href="https://www.asianpaints.com/store-locator.html">...</button> is not clickable at point (1197, 531). Other element would receive the click: <span class="helpButtonLabel" aria-live="polite" aria-atomic="true">...</span>
  (Session info: chrome=114.0.5735.110)
Build info: version: '4.9.0', revision: 'd7057100a6'
System info: os.name: 'Windows 11', os.arch: 'amd64', os.version: '10.0', java.version: '17.0.7'
Driver info: org.openqa.selenium.chrome.ChromeDriver
Command: [f78ee3e0b3d958e6d23d288b9375639b, clickElement {id=A2844966655BCDE9DD0CA05477DD0599_element_126}]
Capabilities {acceptInsecureCerts: false, browserName: chrome, browserVersion: 114.0.5735.110, chrome: {chromedriverVersion: 113.0.5672.63 (0e1a4471d5ae..., userDataDir: C:\Program Files (x86)\scop...}, goog:chromeOptions: {debuggerAddress: localhost:64032}, networkConnectionEnabled: false, pageLoadStrategy: normal, platformName: WINDOWS, proxy: Proxy(), se:cdp: ws://localhost:64032/devtoo..., se:cdpVersion: 114.0.5735.110, setWindowRect: true, strictFileInteractability: false, timeouts: {implicit: 0, pageLoad: 300000, script: 30000}, unhandledPromptBehavior: dismiss and notify, webauthn:extension:credBlob: true, webauthn:extension:largeBlob: true, webauthn:extension:minPinLength: true, webauthn:extension:prf: true, webauthn:virtualAuthenticators: true}
Element: [[ChromeDriver: chrome on WINDOWS (f78ee3e0b3d958e6d23d288b9375639b)] -> xpath: //button[text()='Go']]
Session ID: f78ee3e0b3d958e6d23d288b9375639b
	at java.base/jdk.internal.reflect.NativeConstructorAccessorImpl.newInstance0(Native Method)
	at java.base/jdk.internal.reflect.NativeConstructorAccessorImpl.newInstance(NativeConstructorAccessorImpl.java:77)
	at java.base/jdk.internal.reflect.DelegatingConstructorAccessorImpl.newInstance(DelegatingConstructorAccessorImpl.java:45)
	at java.base/java.lang.reflect.Constructor.newInstanceWithCaller(Constructor.java:499)
	at java.base/java.lang.reflect.Constructor.newInstance(Constructor.java:480)
	at org.openqa.selenium.remote.codec.w3c.W3CHttpResponseCodec.createException(W3CHttpResponseCodec.java:200)
	at org.openqa.selenium.remote.codec.w3c.W3CHttpResponseCodec.decode(W3CHttpResponseCodec.java:133)
	at org.openqa.selenium.remote.codec.w3c.W3CHttpResponseCodec.decode(W3CHttpResponseCodec.java:53)
	at org.openqa.selenium.remote.HttpCommandExecutor.execute(HttpCommandExecutor.java:193)
	at org.openqa.selenium.remote.service.DriverCommandExecutor.invokeExecute(DriverCommandExecutor.java:183)
	at org.openqa.selenium.remote.service.DriverCommandExecutor.execute(DriverCommandExecutor.java:158)
	at org.openqa.selenium.remote.RemoteWebDriver.execute(RemoteWebDriver.java:543)
	at org.openqa.selenium.remote.RemoteWebElement.execute(RemoteWebElement.java:257)
	at org.openqa.selenium.remote.RemoteWebElement.click(RemoteWebElement.java:78)
	at jdk.internal.reflect.GeneratedMethodAccessor44.invoke(Unknown Source)
	at java.base/jdk.internal.reflect.DelegatingMethodAccessorImpl.invoke(DelegatingMethodAccessorImpl.java:43)
	at java.base/java.lang.reflect.Method.invoke(Method.java:568)
	at org.openqa.selenium.support.pagefactory.internal.LocatingElementHandler.invoke(LocatingElementHandler.java:52)
	at jdk.proxy2/jdk.proxy2.$Proxy26.click(Unknown Source)
	at com.pages.ProductListPage.goButtonValidation(ProductListPage.java:69)
	at listpage2_stepdefinitions.ProductListPage_stepdefinitions2.user_clicks_on_go_button(ProductListPage_stepdefinitions2.java:102)
	at âœ½.User clicks on Go button(file:///C:/Users/gannayak/asian/AsianPaints_SearchAndProductListPage_Ganesh/src/test/resources/features/ListPage2.feature:8)
&amp#27;[0m
  &amp#27;[36mThen &amp#27;[0m&amp#27;[36mApplication shows the stores near you&amp#27;[0m                           &amp#27;[90m# listpage2_stepdefinitions.ProductListPage_stepdefinitions2.application_shows_the_stores_near_you()&amp#27;[0m
]]></system-out>
    <system-err><![CDATA[Starting ChromeDriver 113.0.5672.63 (0e1a4471d5ae5bf128b1bd8f4d627c8cbd55f70c-refs/branch-heads/5672@{#912}) on port 21918
Only local connections are allowed.
Please see https://chromedriver.chromium.org/security-considerations for suggestions on keeping ChromeDriver safe.
ChromeDriver was started successfully.
[1686218691.199][WARNING]: This version of ChromeDriver has not been tested with Chrome version 114.
Jun 08, 2023 3:34:51 PM org.openqa.selenium.devtools.CdpVersionFinder findNearestMatch
WARNING: Unable to find an exact match for CDP version 114, so returning the closest version found: 112
]]></system-err>
  </testcase>
  <testcase name="runScenario" classname="testrunner.TestRunner_ProductListPage2" time="82.971"/>
  <testcase name="runScenario" classname="testrunner.TestRunner_ProductListPage2" time="14.697">
    <failure message="element click intercepted: Element &lt;button class=&quot;ctaText baseBtn track-store-locator&quot; type=&quot;submit&quot; data-href=&quot;https://www.asianpaints.com/store-locator.html&quot;&gt;...&lt;/button&gt; is not clickable at point (1197, 531). Other element would receive the click: &lt;span class=&quot;helpButtonLabel&quot; aria-live=&quot;polite&quot; aria-atomic=&quot;true&quot;&gt;...&lt;/span&gt;&#10;  (Session info: chrome=114.0.5735.110)&#10;Build info: version: &apos;4.9.0&apos;, revision: &apos;d7057100a6&apos;&#10;System info: os.name: &apos;Windows 11&apos;, os.arch: &apos;amd64&apos;, os.version: &apos;10.0&apos;, java.version: &apos;17.0.7&apos;&#10;Driver info: org.openqa.selenium.chrome.ChromeDriver&#10;Command: [0b713f9b2d1b0f63c7b82d812024105c, clickElement {id=5D3E71E03DA68D2E9AB3FEF51808F2D0_element_79}]&#10;Capabilities {acceptInsecureCerts: false, browserName: chrome, browserVersion: 114.0.5735.110, chrome: {chromedriverVersion: 113.0.5672.63 (0e1a4471d5ae..., userDataDir: C:\Program Files (x86)\scop...}, goog:chromeOptions: {debuggerAddress: localhost:64174}, networkConnectionEnabled: false, pageLoadStrategy: normal, platformName: WINDOWS, proxy: Proxy(), se:cdp: ws://localhost:64174/devtoo..., se:cdpVersion: 114.0.5735.110, setWindowRect: true, strictFileInteractability: false, timeouts: {implicit: 0, pageLoad: 300000, script: 30000}, unhandledPromptBehavior: dismiss and notify, webauthn:extension:credBlob: true, webauthn:extension:largeBlob: true, webauthn:extension:minPinLength: true, webauthn:extension:prf: true, webauthn:virtualAuthenticators: true}&#10;Element: [[ChromeDriver: chrome on WINDOWS (0b713f9b2d1b0f63c7b82d812024105c)] -&gt; xpath: //button[text()=&apos;Go&apos;]]&#10;Session ID: 0b713f9b2d1b0f63c7b82d812024105c" type="org.openqa.selenium.ElementClickInterceptedException"><![CDATA[org.openqa.selenium.ElementClickInterceptedException: 
element click intercepted: Element <button class="ctaText baseBtn track-store-locator" type="submit" data-href="https://www.asianpaints.com/store-locator.html">...</button> is not clickable at point (1197, 531). Other element would receive the click: <span class="helpButtonLabel" aria-live="polite" aria-atomic="true">...</span>
  (Session info: chrome=114.0.5735.110)
Build info: version: '4.9.0', revision: 'd7057100a6'
System info: os.name: 'Windows 11', os.arch: 'amd64', os.version: '10.0', java.version: '17.0.7'
Driver info: org.openqa.selenium.chrome.ChromeDriver
Command: [0b713f9b2d1b0f63c7b82d812024105c, clickElement {id=5D3E71E03DA68D2E9AB3FEF51808F2D0_element_79}]
Capabilities {acceptInsecureCerts: false, browserName: chrome, browserVersion: 114.0.5735.110, chrome: {chromedriverVersion: 113.0.5672.63 (0e1a4471d5ae..., userDataDir: C:\Program Files (x86)\scop...}, goog:chromeOptions: {debuggerAddress: localhost:64174}, networkConnectionEnabled: false, pageLoadStrategy: normal, platformName: WINDOWS, proxy: Proxy(), se:cdp: ws://localhost:64174/devtoo..., se:cdpVersion: 114.0.5735.110, setWindowRect: true, strictFileInteractability: false, timeouts: {implicit: 0, pageLoad: 300000, script: 30000}, unhandledPromptBehavior: dismiss and notify, webauthn:extension:credBlob: true, webauthn:extension:largeBlob: true, webauthn:extension:minPinLength: true, webauthn:extension:prf: true, webauthn:virtualAuthenticators: true}
Element: [[ChromeDriver: chrome on WINDOWS (0b713f9b2d1b0f63c7b82d812024105c)] -> xpath: //button[text()='Go']]
Session ID: 0b713f9b2d1b0f63c7b82d812024105c
]]></failure>
    <system-out><![CDATA[
Scenario Outline: Verify Find a store functionality with invalid details &amp#27;[90m# src/test/resources/features/ListPage2.feature:27&amp#27;[0m
Trusted Wall Painting, Home Painting & Waterproofing in India - Asian Paints
  &amp#27;[32mGiven &amp#27;[0m&amp#27;[32mChrome is opened and Asian Paints app is opened&amp#27;[0m                  &amp#27;[90m# listpage2_stepdefinitions.ProductListPage_stepdefinitions2.chrome_is_opened_and_asian_paints_app_is_opened()&amp#27;[0m
  &amp#27;[32mWhen &amp#27;[0m&amp#27;[32mUser searches the product&amp#27;[0m                                         &amp#27;[90m# listpage2_stepdefinitions.ProductListPage_stepdefinitions2.user_searches_the_product()&amp#27;[0m
Interior Wall Texture Designs, Modern Texture Paint Designs & Catalogue - Asian Paints
  &amp#27;[32mThen &amp#27;[0m&amp#27;[32mUser navigates to the Product List page&amp#27;[0m                           &amp#27;[90m# listpage2_stepdefinitions.ProductListPage_stepdefinitions2.user_navigates_to_the_product_list_page()&amp#27;[0m
  &amp#27;[32mWhen &amp#27;[0m&amp#27;[32mUser enters Pincode &amp#27;[0m&amp#27;[32m&amp#27;[1m"123@45"&amp#27;[0m                                      &amp#27;[90m# listpage2_stepdefinitions.ProductListPage_stepdefinitions2.user_enters_pincode(java.lang.String)&amp#27;[0m
  &amp#27;[31mAnd &amp#27;[0m&amp#27;[31mUser clicks on Go button&amp#27;[0m                                           &amp#27;[90m# listpage2_stepdefinitions.ProductListPage_stepdefinitions2.user_clicks_on_go_button()&amp#27;[0m
      &amp#27;[31morg.openqa.selenium.ElementClickInterceptedException: element click intercepted: Element <button class="ctaText baseBtn track-store-locator" type="submit" data-href="https://www.asianpaints.com/store-locator.html">...</button> is not clickable at point (1197, 531). Other element would receive the click: <span class="helpButtonLabel" aria-live="polite" aria-atomic="true">...</span>
  (Session info: chrome=114.0.5735.110)
Build info: version: '4.9.0', revision: 'd7057100a6'
System info: os.name: 'Windows 11', os.arch: 'amd64', os.version: '10.0', java.version: '17.0.7'
Driver info: org.openqa.selenium.chrome.ChromeDriver
Command: [0b713f9b2d1b0f63c7b82d812024105c, clickElement {id=5D3E71E03DA68D2E9AB3FEF51808F2D0_element_79}]
Capabilities {acceptInsecureCerts: false, browserName: chrome, browserVersion: 114.0.5735.110, chrome: {chromedriverVersion: 113.0.5672.63 (0e1a4471d5ae..., userDataDir: C:\Program Files (x86)\scop...}, goog:chromeOptions: {debuggerAddress: localhost:64174}, networkConnectionEnabled: false, pageLoadStrategy: normal, platformName: WINDOWS, proxy: Proxy(), se:cdp: ws://localhost:64174/devtoo..., se:cdpVersion: 114.0.5735.110, setWindowRect: true, strictFileInteractability: false, timeouts: {implicit: 0, pageLoad: 300000, script: 30000}, unhandledPromptBehavior: dismiss and notify, webauthn:extension:credBlob: true, webauthn:extension:largeBlob: true, webauthn:extension:minPinLength: true, webauthn:extension:prf: true, webauthn:virtualAuthenticators: true}
Element: [[ChromeDriver: chrome on WINDOWS (0b713f9b2d1b0f63c7b82d812024105c)] -> xpath: //button[text()='Go']]
Session ID: 0b713f9b2d1b0f63c7b82d812024105c
	at java.base/jdk.internal.reflect.NativeConstructorAccessorImpl.newInstance0(Native Method)
	at java.base/jdk.internal.reflect.NativeConstructorAccessorImpl.newInstance(NativeConstructorAccessorImpl.java:77)
	at java.base/jdk.internal.reflect.DelegatingConstructorAccessorImpl.newInstance(DelegatingConstructorAccessorImpl.java:45)
	at java.base/java.lang.reflect.Constructor.newInstanceWithCaller(Constructor.java:499)
	at java.base/java.lang.reflect.Constructor.newInstance(Constructor.java:480)
	at org.openqa.selenium.remote.codec.w3c.W3CHttpResponseCodec.createException(W3CHttpResponseCodec.java:200)
	at org.openqa.selenium.remote.codec.w3c.W3CHttpResponseCodec.decode(W3CHttpResponseCodec.java:133)
	at org.openqa.selenium.remote.codec.w3c.W3CHttpResponseCodec.decode(W3CHttpResponseCodec.java:53)
	at org.openqa.selenium.remote.HttpCommandExecutor.execute(HttpCommandExecutor.java:193)
	at org.openqa.selenium.remote.service.DriverCommandExecutor.invokeExecute(DriverCommandExecutor.java:183)
	at org.openqa.selenium.remote.service.DriverCommandExecutor.execute(DriverCommandExecutor.java:158)
	at org.openqa.selenium.remote.RemoteWebDriver.execute(RemoteWebDriver.java:543)
	at org.openqa.selenium.remote.RemoteWebElement.execute(RemoteWebElement.java:257)
	at org.openqa.selenium.remote.RemoteWebElement.click(RemoteWebElement.java:78)
	at jdk.internal.reflect.GeneratedMethodAccessor44.invoke(Unknown Source)
	at java.base/jdk.internal.reflect.DelegatingMethodAccessorImpl.invoke(DelegatingMethodAccessorImpl.java:43)
	at java.base/java.lang.reflect.Method.invoke(Method.java:568)
	at org.openqa.selenium.support.pagefactory.internal.LocatingElementHandler.invoke(LocatingElementHandler.java:52)
	at jdk.proxy2/jdk.proxy2.$Proxy26.click(Unknown Source)
	at com.pages.ProductListPage.goButtonValidation(ProductListPage.java:69)
	at listpage2_stepdefinitions.ProductListPage_stepdefinitions2.user_clicks_on_go_button(ProductListPage_stepdefinitions2.java:102)
	at âœ½.User clicks on Go button(file:///C:/Users/gannayak/asian/AsianPaints_SearchAndProductListPage_Ganesh/src/test/resources/features/ListPage2.feature:21)
&amp#27;[0m
  &amp#27;[36mThen &amp#27;[0m&amp#27;[36mApplication displays a message to enter a valid Zip Code&amp#27;[0m          &amp#27;[90m# listpage2_stepdefinitions.ProductListPage_stepdefinitions2.application_displays_a_message_to_enter_a_valid_zip_code()&amp#27;[0m
]]></system-out>
    <system-err><![CDATA[Starting ChromeDriver 113.0.5672.63 (0e1a4471d5ae5bf128b1bd8f4d627c8cbd55f70c-refs/branch-heads/5672@{#912}) on port 6796
Only local connections are allowed.
Please see https://chromedriver.chromium.org/security-considerations for suggestions on keeping ChromeDriver safe.
ChromeDriver was started successfully.
[1686218873.258][WARNING]: This version of ChromeDriver has not been tested with Chrome version 114.
Jun 08, 2023 3:37:53 PM org.openqa.selenium.devtools.CdpVersionFinder findNearestMatch
WARNING: Unable to find an exact match for CDP version 114, so returning the closest version found: 112
]]></system-err>
  </testcase>
  <testcase name="runScenario" classname="testrunner.TestRunner_ProductListPage_excel" time="95.383"/>
  <testcase name="runScenario" classname="testrunner.TestRunner_ProductListPage_excel" time="94.106"/>
</testsuite>