<?xml version="1.0" encoding="UTF-8"?>
<testng-results ignored="0" total="4" passed="4" failed="0" skipped="0">
  <reporter-output>
  </reporter-output>
  <suite started-at="2023-06-08T17:23:13 IST" name="Default suite" finished-at="2023-06-08T17:24:33 IST" duration-ms="80164">
    <groups>
      <group name="cucumber">
        <method signature="AbstractTestNGCucumberTests.runScenario(io.cucumber.testng.PickleWrapper,io.cucumber.testng.FeatureWrapper)[pri:0, instance:testrunner.TestRunner_ProductListPage2@4681c175]" name="runScenario" class="io.cucumber.testng.AbstractTestNGCucumberTests"/>
      </group> <!-- cucumber -->
    </groups>
    <test started-at="2023-06-08T17:23:13 IST" name="Default test" finished-at="2023-06-08T17:24:33 IST" duration-ms="80164">
      <class name="testrunner.TestRunner_ProductListPage2">
        <test-method is-config="true" signature="setUpClass(org.testng.ITestContext)[pri:0, instance:testrunner.TestRunner_ProductListPage2@4681c175]" started-at="2023-06-08T17:23:13 IST" name="setUpClass" finished-at="2023-06-08T17:23:14 IST" duration-ms="951" status="PASS">
          <params>
            <param index="0">
              <value>
                <![CDATA[org.testng.TestRunner@537ca28e]]>
              </value>
            </param>
          </params>
          <reporter-output>
          </reporter-output>
        </test-method> <!-- setUpClass -->
        <test-method signature="runScenario(io.cucumber.testng.PickleWrapper,io.cucumber.testng.FeatureWrapper)[pri:0, instance:testrunner.TestRunner_ProductListPage2@4681c175]" started-at="2023-06-08T17:23:14 IST" name="runScenario" description="Runs Cucumber Scenarios" data-provider="scenarios" finished-at="2023-06-08T17:23:50 IST" duration-ms="35814" status="PASS">
          <params>
            <param index="0">
              <value>
                <![CDATA["Verify Find a store functionality with valid details"]]>
              </value>
            </param>
            <param index="1">
              <value>
                <![CDATA["Asian Paints Product List page"]]>
              </value>
            </param>
          </params>
          <reporter-output>
          </reporter-output>
        </test-method> <!-- runScenario -->
        <test-method signature="runScenario(io.cucumber.testng.PickleWrapper,io.cucumber.testng.FeatureWrapper)[pri:0, instance:testrunner.TestRunner_ProductListPage2@4681c175]" started-at="2023-06-08T17:23:50 IST" name="runScenario" description="Runs Cucumber Scenarios" data-provider="scenarios" finished-at="2023-06-08T17:24:09 IST" duration-ms="19046" status="PASS">
          <params>
            <param index="0">
              <value>
                <![CDATA["Verify Find a store functionality with valid details"]]>
              </value>
            </param>
            <param index="1">
              <value>
                <![CDATA["Asian Paints Product List page"]]>
              </value>
            </param>
          </params>
          <reporter-output>
          </reporter-output>
        </test-method> <!-- runScenario -->
        <test-method signature="runScenario(io.cucumber.testng.PickleWrapper,io.cucumber.testng.FeatureWrapper)[pri:0, instance:testrunner.TestRunner_ProductListPage2@4681c175]" started-at="2023-06-08T17:24:09 IST" name="runScenario" description="Runs Cucumber Scenarios" data-provider="scenarios" finished-at="2023-06-08T17:24:21 IST" duration-ms="12418" status="PASS">
          <params>
            <param index="0">
              <value>
                <![CDATA["Verify Find a store functionality with invalid details"]]>
              </value>
            </param>
            <param index="1">
              <value>
                <![CDATA["Asian Paints Product List page"]]>
              </value>
            </param>
          </params>
          <reporter-output>
          </reporter-output>
        </test-method> <!-- runScenario -->
        <test-method signature="runScenario(io.cucumber.testng.PickleWrapper,io.cucumber.testng.FeatureWrapper)[pri:0, instance:testrunner.TestRunner_ProductListPage2@4681c175]" started-at="2023-06-08T17:24:21 IST" name="runScenario" description="Runs Cucumber Scenarios" data-provider="scenarios" finished-at="2023-06-08T17:24:33 IST" duration-ms="11730" status="PASS">
          <params>
            <param index="0">
              <value>
                <![CDATA["Verify Find a store functionality with invalid details"]]>
              </value>
            </param>
            <param index="1">
              <value>
                <![CDATA["Asian Paints Product List page"]]>
              </value>
            </param>
          </params>
          <reporter-output>
          </reporter-output>
        </test-method> <!-- runScenario -->
        <test-method is-config="true" signature="tearDownClass()[pri:0, instance:testrunner.TestRunner_ProductListPage2@4681c175]" started-at="2023-06-08T17:24:33 IST" name="tearDownClass" finished-at="2023-06-08T17:24:33 IST" duration-ms="122" status="PASS">
          <reporter-output>
          </reporter-output>
        </test-method> <!-- tearDownClass -->
      </class> <!-- testrunner.TestRunner_ProductListPage2 -->
    </test> <!-- Default test -->
  </suite> <!-- Default suite -->
</testng-results>
