<?xml version="1.0" encoding="UTF-8"?>
<testng-results ignored="0" total="3" passed="3" failed="0" skipped="0">
  <reporter-output>
  </reporter-output>
  <suite started-at="2023-06-07T00:27:20 IST" name="Default suite" finished-at="2023-06-07T00:28:19 IST" duration-ms="58210">
    <groups>
      <group name="cucumber">
        <method signature="AbstractTestNGCucumberTests.runScenario(io.cucumber.testng.PickleWrapper,io.cucumber.testng.FeatureWrapper)[pri:0, instance:testrunner.TestRunner_ProductListPage1@4681c175]" name="runScenario" class="io.cucumber.testng.AbstractTestNGCucumberTests"/>
      </group> <!-- cucumber -->
    </groups>
    <test started-at="2023-06-07T00:27:20 IST" name="Default test" finished-at="2023-06-07T00:28:19 IST" duration-ms="58210">
      <class name="testrunner.TestRunner_ProductListPage1">
        <test-method is-config="true" signature="setUpClass(org.testng.ITestContext)[pri:0, instance:testrunner.TestRunner_ProductListPage1@4681c175]" started-at="2023-06-07T00:27:20 IST" name="setUpClass" finished-at="2023-06-07T00:27:21 IST" duration-ms="543" status="PASS">
          <params>
            <param index="0">
              <value>
                <![CDATA[org.testng.TestRunner@2dfeb141]]>
              </value>
            </param>
          </params>
          <reporter-output>
          </reporter-output>
        </test-method> <!-- setUpClass -->
        <test-method signature="runScenario(io.cucumber.testng.PickleWrapper,io.cucumber.testng.FeatureWrapper)[pri:0, instance:testrunner.TestRunner_ProductListPage1@4681c175]" started-at="2023-06-07T00:27:21 IST" name="runScenario" description="Runs Cucumber Scenarios" data-provider="scenarios" finished-at="2023-06-07T00:27:40 IST" duration-ms="18976" status="PASS">
          <params>
            <param index="0">
              <value>
                <![CDATA["Validate User navigates onto the Product list page"]]>
              </value>
            </param>
            <param index="1">
              <value>
                <![CDATA["Asian Paints Product List page"]]>
              </value>
            </param>
          </params>
          <reporter-output>
          </reporter-output>
        </test-method> <!-- runScenario -->
        <test-method signature="runScenario(io.cucumber.testng.PickleWrapper,io.cucumber.testng.FeatureWrapper)[pri:0, instance:testrunner.TestRunner_ProductListPage1@4681c175]" started-at="2023-06-07T00:27:40 IST" name="runScenario" description="Runs Cucumber Scenarios" data-provider="scenarios" finished-at="2023-06-07T00:27:59 IST" duration-ms="19333" status="PASS">
          <params>
            <param index="0">
              <value>
                <![CDATA["Validate the Product list page UI"]]>
              </value>
            </param>
            <param index="1">
              <value>
                <![CDATA["Asian Paints Product List page"]]>
              </value>
            </param>
          </params>
          <reporter-output>
          </reporter-output>
        </test-method> <!-- runScenario -->
        <test-method signature="runScenario(io.cucumber.testng.PickleWrapper,io.cucumber.testng.FeatureWrapper)[pri:0, instance:testrunner.TestRunner_ProductListPage1@4681c175]" started-at="2023-06-07T00:27:59 IST" name="runScenario" description="Runs Cucumber Scenarios" data-provider="scenarios" finished-at="2023-06-07T00:28:18 IST" duration-ms="19242" status="PASS">
          <params>
            <param index="0">
              <value>
                <![CDATA["Validate Filter By field in the Product list page"]]>
              </value>
            </param>
            <param index="1">
              <value>
                <![CDATA["Asian Paints Product List page"]]>
              </value>
            </param>
          </params>
          <reporter-output>
          </reporter-output>
        </test-method> <!-- runScenario -->
        <test-method is-config="true" signature="tearDownClass()[pri:0, instance:testrunner.TestRunner_ProductListPage1@4681c175]" started-at="2023-06-07T00:28:18 IST" name="tearDownClass" finished-at="2023-06-07T00:28:19 IST" duration-ms="64" status="PASS">
          <reporter-output>
          </reporter-output>
        </test-method> <!-- tearDownClass -->
      </class> <!-- testrunner.TestRunner_ProductListPage1 -->
    </test> <!-- Default test -->
  </suite> <!-- Default suite -->
</testng-results>
